14:43:28: Creating resource group General
14:43:28: Creating resource group Internal
14:43:28: Creating resource group Autodetect
14:43:28: SceneManagerFactory for type 'DefaultSceneManager' registered.
14:43:28: Registering ResourceManager for type Material
14:43:28: Registering ResourceManager for type Mesh
14:43:28: Registering ResourceManager for type Skeleton
14:43:28: MovableObjectFactory for type 'ParticleSystem' registered.
14:43:28: OverlayElementFactory for type Panel registered.
14:43:28: OverlayElementFactory for type BorderPanel registered.
14:43:28: OverlayElementFactory for type TextArea registered.
14:43:28: Registering ResourceManager for type Font
14:43:28: ArchiveFactory for archive type FileSystem registered.
14:43:28: ArchiveFactory for archive type Zip registered.
14:43:28: ArchiveFactory for archive type EmbeddedZip registered.
14:43:28: DDS codec registering
14:43:28: FreeImage version: 3.13.1
14:43:28: This program uses FreeImage, a free, open source image library supporting all common bitmap formats. See http://freeimage.sourceforge.net for details
14:43:28: Supported formats: bmp,ico,jpg,jif,jpeg,jpe,jng,koa,iff,lbm,mng,pbm,pbm,pcd,pcx,pgm,pgm,png,ppm,ppm,ras,tga,targa,tif,tiff,wap,wbmp,wbm,psd,cut,xbm,xpm,gif,hdr,g3,sgi,exr,j2k,j2c,jp2,pfm,pct,pict,pic,bay,bmq,cr2,crw,cs1,dc2,dcr,dng,erf,fff,hdr,k25,kdc,mdc,mos,mrw,nef,orf,pef,pxn,raf,raw,rdc,sr2,srf,arw,3fr,cine,ia,kc2,mef,nrw,qtk,rw2,sti,drf,dsc,ptx,cap,iiq,rwz
14:43:28: Registering ResourceManager for type HighLevelGpuProgram
14:43:28: Registering ResourceManager for type Compositor
14:43:28: MovableObjectFactory for type 'Entity' registered.
14:43:28: MovableObjectFactory for type 'Light' registered.
14:43:28: MovableObjectFactory for type 'BillboardSet' registered.
14:43:28: MovableObjectFactory for type 'ManualObject' registered.
14:43:28: MovableObjectFactory for type 'BillboardChain' registered.
14:43:28: MovableObjectFactory for type 'RibbonTrail' registered.
14:43:28: Loading library /usr/local/lib/OGRE/RenderSystem_GL
14:43:28: Installing plugin: GL RenderSystem
14:43:28: OpenGL Rendering Subsystem created.
14:43:28: Plugin successfully installed
14:43:28: Loading library /usr/local/lib/OGRE/Plugin_ParticleFX
14:43:28: Installing plugin: ParticleFX
14:43:28: Particle Emitter Type 'Point' registered
14:43:28: Particle Emitter Type 'Box' registered
14:43:28: Particle Emitter Type 'Ellipsoid' registered
14:43:28: Particle Emitter Type 'Cylinder' registered
14:43:28: Particle Emitter Type 'Ring' registered
14:43:28: Particle Emitter Type 'HollowEllipsoid' registered
14:43:28: Particle Affector Type 'LinearForce' registered
14:43:28: Particle Affector Type 'ColourFader' registered
14:43:28: Particle Affector Type 'ColourFader2' registered
14:43:28: Particle Affector Type 'ColourImage' registered
14:43:28: Particle Affector Type 'ColourInterpolator' registered
14:43:28: Particle Affector Type 'Scaler' registered
14:43:28: Particle Affector Type 'Rotator' registered
14:43:28: Particle Affector Type 'DirectionRandomiser' registered
14:43:28: Particle Affector Type 'DeflectorPlane' registered
14:43:28: Plugin successfully installed
14:43:28: Loading library /usr/local/lib/OGRE/Plugin_BSPSceneManager
14:43:28: Installing plugin: BSP Scene Manager
14:43:28: Plugin successfully installed
14:43:28: Loading library /usr/local/lib/OGRE/Plugin_CgProgramManager
14:43:29: Installing plugin: Cg Program Manager
14:43:29: Plugin successfully installed
14:43:29: Loading library /usr/local/lib/OGRE/Plugin_PCZSceneManager
14:43:29: Installing plugin: Portal Connected Zone Scene Manager
14:43:29: PCZone Factory Type 'ZoneType_Default' registered
14:43:29: Plugin successfully installed
14:43:29: Loading library /usr/local/lib/OGRE/Plugin_OctreeZone
14:43:29: Installing plugin: Octree Zone Factory
14:43:29: Plugin successfully installed
14:43:29: Loading library /usr/local/lib/OGRE/Plugin_OctreeSceneManager
14:43:29: Installing plugin: Octree Scene Manager
14:43:29: Plugin successfully installed
14:43:29: *-*-* OGRE Initialising
14:43:29: *-*-* Version 1.8.0 (Byatis)
14:43:53: CPU Identifier & Features
14:43:53: -------------------------
14:43:53:  *   CPU ID: GenuineIntel: Intel(R) Core(TM) i5 CPU       M 430  @ 2.27GHz
14:43:53:  *      SSE: yes
14:43:53:  *     SSE2: yes
14:43:53:  *     SSE3: yes
14:43:53:  *      MMX: yes
14:43:53:  *   MMXEXT: yes
14:43:53:  *    3DNOW: no
14:43:53:  * 3DNOWEXT: no
14:43:53:  *     CMOV: yes
14:43:53:  *      TSC: yes
14:43:53:  *      FPU: yes
14:43:53:  *      PRO: yes
14:43:53:  *       HT: no
14:43:53: -------------------------
14:43:53: ******************************
*** Starting GLX Subsystem ***
******************************
14:43:53: Registering ResourceManager for type Texture
14:43:53: GLRenderSystem::_createRenderWindow "OGRE Render Window", 800x600 windowed  miscParams: FSAA=0 displayFrequency=74 MHz gamma=No vsync=No 
14:43:53: OGRE EXCEPTION(6:FileNotFoundException): Cannot locate resource GLX_icon.png in resource group General or any other group. in ResourceGroupManager::openResource at /media/HonDa/Documents/Trabajos/USB/ServicioComunitario/ogre_src_v1-8-0/OgreMain/src/OgreResourceGroupManager.cpp (line 756)
14:43:53: GLXWindow::create used FBConfigID = 117
14:43:53: GL_VERSION = 3.3.0 NVIDIA 280.13
14:43:53: GL_VENDOR = NVIDIA Corporation
14:43:53: GL_RENDERER = GeForce 310M/PCI/SSE2
14:43:53: GL_EXTENSIONS = GL_ARB_blend_func_extended GL_ARB_color_buffer_float GL_ARB_compatibility GL_ARB_copy_buffer GL_ARB_depth_buffer_float GL_ARB_depth_clamp GL_ARB_depth_texture GL_ARB_draw_buffers GL_ARB_draw_buffers_blend GL_ARB_draw_elements_base_vertex GL_ARB_draw_instanced GL_ARB_ES2_compatibility GL_ARB_explicit_attrib_location GL_ARB_fragment_coord_conventions GL_ARB_fragment_program GL_ARB_fragment_program_shadow GL_ARB_fragment_shader GL_ARB_framebuffer_object GL_ARB_framebuffer_sRGB GL_ARB_geometry_shader4 GL_ARB_get_program_binary GL_ARB_half_float_pixel GL_ARB_half_float_vertex GL_ARB_imaging GL_ARB_instanced_arrays GL_ARB_map_buffer_range GL_ARB_multisample GL_ARB_multitexture GL_ARB_occlusion_query GL_ARB_occlusion_query2 GL_ARB_pixel_buffer_object GL_ARB_point_parameters GL_ARB_point_sprite GL_ARB_provoking_vertex GL_ARB_robustness GL_ARB_sample_shading GL_ARB_sampler_objects GL_ARB_seamless_cube_map GL_ARB_separate_shader_objects GL_ARB_shader_bit_encoding GL_ARB_shader_objects GL_ARB_shading_language_100 GL_ARB_shading_language_include GL_ARB_shadow GL_ARB_sync GL_ARB_texture_border_clamp GL_ARB_texture_buffer_object GL_ARB_texture_compression GL_ARB_texture_compression_rgtc GL_ARB_texture_cube_map GL_ARB_texture_cube_map_array GL_ARB_texture_env_add GL_ARB_texture_env_combine GL_ARB_texture_env_crossbar GL_ARB_texture_env_dot3 GL_ARB_texture_float GL_ARB_texture_gather GL_ARB_texture_mirrored_repeat GL_ARB_texture_multisample GL_ARB_texture_non_power_of_two GL_ARB_texture_query_lod GL_ARB_texture_rectangle GL_ARB_texture_rg GL_ARB_texture_rgb10_a2ui GL_ARB_texture_swizzle GL_ARB_timer_query GL_ARB_transform_feedback2 GL_ARB_transpose_matrix GL_ARB_uniform_buffer_object GL_ARB_vertex_array_bgra GL_ARB_vertex_array_object GL_ARB_vertex_buffer_object GL_ARB_vertex_program GL_ARB_vertex_shader GL_ARB_vertex_type_2_10_10_10_rev GL_ARB_viewport_array GL_ARB_window_pos GL_ATI_draw_buffers GL_ATI_texture_float GL_ATI_texture_mirror_once GL_S3_s3tc GL_EXT_texture_env_add GL_EXT_abgr GL_EXT_bgra GL_EXT_bindable_uniform GL_EXT_blend_color GL_EXT_blend_equation_separate GL_EXT_blend_func_separate GL_EXT_blend_minmax GL_EXT_blend_subtract GL_EXT_compiled_vertex_array GL_EXT_Cg_shader GL_EXT_depth_bounds_test GL_EXT_direct_state_access GL_EXT_draw_buffers2 GL_EXT_draw_instanced GL_EXT_draw_range_elements GL_EXT_fog_coord GL_EXT_framebuffer_blit GL_EXT_framebuffer_multisample GL_EXTX_framebuffer_mixed_formats GL_EXT_framebuffer_object GL_EXT_framebuffer_sRGB GL_EXT_geometry_shader4 GL_EXT_gpu_program_parameters GL_EXT_gpu_shader4 GL_EXT_multi_draw_arrays GL_EXT_packed_depth_stencil GL_EXT_packed_float GL_EXT_packed_pixels GL_EXT_pixel_buffer_object GL_EXT_point_parameters GL_EXT_provoking_vertex GL_EXT_rescale_normal GL_EXT_secondary_color GL_EXT_separate_shader_objects GL_EXT_separate_specular_color GL_EXT_shadow_funcs GL_EXT_stencil_two_side GL_EXT_stencil_wrap GL_EXT_texture3D GL_EXT_texture_array GL_EXT_texture_buffer_object GL_EXT_texture_compression_dxt1 GL_EXT_texture_compression_latc GL_EXT_texture_compression_rgtc GL_EXT_texture_compression_s3tc GL_EXT_texture_cube_map GL_EXT_texture_edge_clamp GL_EXT_texture_env_combine GL_EXT_texture_env_dot3 GL_EXT_texture_filter_anisotropic GL_EXT_texture_format_BGRA8888 GL_EXT_texture_integer GL_EXT_texture_lod GL_EXT_texture_lod_bias GL_EXT_texture_mirror_clamp GL_EXT_texture_object GL_EXT_texture_shared_exponent GL_EXT_texture_sRGB GL_EXT_texture_swizzle GL_EXT_texture_type_2_10_10_10_REV GL_EXT_timer_query GL_EXT_transform_feedback2 GL_EXT_vertex_array GL_EXT_vertex_array_bgra GL_EXT_x11_sync_object GL_EXT_import_sync_object GL_IBM_rasterpos_clip GL_IBM_texture_mirrored_repeat GL_KTX_buffer_region GL_NV_alpha_test GL_NV_blend_minmax GL_NV_blend_square GL_NV_complex_primitives GL_NV_conditional_render GL_NV_copy_depth_to_color GL_NV_copy_image GL_NV_depth_buffer_float GL_NV_depth_clamp GL_NV_explicit_multisample GL_NV_fbo_color_attachments GL_NV_fence GL_NV_float_buffer GL_NV_fog_distance GL_NV_fragdepth GL_NV_fragment_program GL_NV_fragment_program_option GL_NV_fragment_program2 GL_NV_framebuffer_multisample_coverage GL_NV_geometry_shader4 GL_NV_gpu_program4 GL_NV_gpu_program4_1 GL_NV_half_float GL_NV_light_max_exponent GL_NV_multisample_coverage GL_NV_multisample_filter_hint GL_NV_occlusion_query GL_NV_packed_depth_stencil GL_NV_parameter_buffer_object GL_NV_parameter_buffer_object2 GL_NV_path_rendering GL_NV_pixel_data_range GL_NV_point_sprite GL_NV_primitive_restart GL_NV_register_combiners GL_NV_register_combiners2 GL_NV_shader_buffer_load GL_NV_texgen_reflection GL_NV_texture_barrier GL_NV_texture_compression_vtc GL_NV_texture_env_combine4 GL_NV_texture_expand_normal GL_NV_texture_lod_clamp GL_NV_texture_multisample GL_NV_texture_rectangle GL_NV_texture_shader GL_NV_texture_shader2 GL_NV_texture_shader3 GL_NV_transform_feedback GL_NV_transform_feedback2 GL_NV_vdpau_interop GL_NV_vertex_array_range GL_NV_vertex_array_range2 GL_NV_vertex_buffer_unified_memory GL_NV_vertex_program GL_NV_vertex_program1_1 GL_NV_vertex_program2 GL_NV_vertex_program2_option GL_NV_vertex_program3 GL_NVX_conditional_render GL_NVX_gpu_memory_info GL_OES_depth24 GL_OES_depth32 GL_OES_depth_texture GL_OES_element_index_uint GL_OES_fbo_render_mipmap GL_OES_get_program_binary GL_OES_mapbuffer GL_OES_packed_depth_stencil GL_OES_rgb8_rgba8 GL_OES_standard_derivatives GL_OES_texture_3D GL_OES_texture_float GL_OES_texture_float_linear GL_OES_texture_half_float GL_OES_texture_half_float_linear GL_OES_texture_npot GL_OES_vertex_array_object GL_OES_vertex_half_float GL_SGIS_generate_mipmap GL_SGIS_texture_lod GL_SGIX_depth_texture GL_SGIX_shadow GL_SUN_slice_accum 
14:43:53: Supported GLX extensions: GLX_EXT_visual_info GLX_EXT_visual_rating GLX_SGIX_fbconfig GLX_SGIX_pbuffer GLX_SGI_video_sync GLX_SGI_swap_control GLX_EXT_swap_control GLX_EXT_texture_from_pixmap GLX_ARB_create_context GLX_ARB_create_context_profile GLX_EXT_create_context_es2_profile GLX_ARB_create_context_robustness GLX_ARB_multisample GLX_NV_float_buffer GLX_ARB_fbconfig_float GLX_EXT_framebuffer_sRGB GLX_ARB_get_proc_address 
14:43:53: ***************************
14:43:53: *** GL Renderer Started ***
14:43:53: ***************************
14:43:53: Registering ResourceManager for type GpuProgram
14:43:53: GLSL support detected
14:43:53: GL: Using GL_EXT_framebuffer_object for rendering to textures (best)
14:43:53: FBO PF_UNKNOWN depth/stencil support: D16S0 D24S0 D32S0 Packed-D24S8 
14:43:54: FBO PF_L8 depth/stencil support: D0S0 D16S0 D24S0 D32S0 Packed-D24S8 
14:43:54: FBO PF_A8 depth/stencil support: D0S0 D16S0 D24S0 D32S0 Packed-D24S8 
14:43:54: FBO PF_A4L4 depth/stencil support: D0S0 D16S0 D24S0 D32S0 Packed-D24S8 
14:43:54: FBO PF_BYTE_LA depth/stencil support: D0S0 D16S0 D24S0 D32S0 Packed-D24S8 
14:43:54: FBO PF_R5G6B5 depth/stencil support: D0S0 D16S0 D24S0 D32S0 Packed-D24S8 
14:43:54: FBO PF_B5G6R5 depth/stencil support: D0S0 D16S0 D24S0 D32S0 Packed-D24S8 
14:43:54: FBO PF_A4R4G4B4 depth/stencil support: D0S0 D16S0 D24S0 D32S0 Packed-D24S8 
14:43:54: FBO PF_A1R5G5B5 depth/stencil support: D0S0 D16S0 D24S0 D32S0 Packed-D24S8 
14:43:54: FBO PF_R8G8B8 depth/stencil support: D0S0 D16S0 D24S0 D32S0 Packed-D24S8 
14:43:54: FBO PF_B8G8R8 depth/stencil support: D0S0 D16S0 D24S0 D32S0 Packed-D24S8 
14:43:54: FBO PF_A8R8G8B8 depth/stencil support: D0S0 D16S0 D24S0 D32S0 Packed-D24S8 
14:43:54: FBO PF_B8G8R8A8 depth/stencil support: D0S0 D16S0 D24S0 D32S0 Packed-D24S8 
14:43:54: FBO PF_A2R10G10B10 depth/stencil support: D0S0 D16S0 D24S0 D32S0 Packed-D24S8 
14:43:54: FBO PF_A2B10G10R10 depth/stencil support: D0S0 D16S0 D24S0 D32S0 Packed-D24S8 
14:43:54: FBO PF_FLOAT16_RGB depth/stencil support: D0S0 D16S0 D24S0 D32S0 Packed-D24S8 
14:43:54: FBO PF_FLOAT16_RGBA depth/stencil support: D0S0 D16S0 D24S0 D32S0 Packed-D24S8 
14:43:54: FBO PF_FLOAT32_RGB depth/stencil support: D0S0 D16S0 D24S0 D32S0 Packed-D24S8 
14:43:54: FBO PF_FLOAT32_RGBA depth/stencil support: D0S0 D16S0 D24S0 D32S0 Packed-D24S8 
14:43:54: FBO PF_X8R8G8B8 depth/stencil support: D0S0 D16S0 D24S0 D32S0 Packed-D24S8 
14:43:54: FBO PF_X8B8G8R8 depth/stencil support: D0S0 D16S0 D24S0 D32S0 Packed-D24S8 
14:43:54: FBO PF_SHORT_RGBA depth/stencil support: D0S0 D16S0 D24S0 D32S0 Packed-D24S8 
14:43:54: FBO PF_R3G3B2 depth/stencil support: D0S0 D16S0 D24S0 D32S0 Packed-D24S8 
14:43:54: FBO PF_FLOAT16_R depth/stencil support: D0S0 D16S0 D24S0 D32S0 Packed-D24S8 
14:43:54: FBO PF_FLOAT32_R depth/stencil support: D0S0 D16S0 D24S0 D32S0 Packed-D24S8 
14:43:54: FBO PF_FLOAT16_GR depth/stencil support: D0S0 D16S0 D24S0 D32S0 Packed-D24S8 
14:43:54: FBO PF_FLOAT32_GR depth/stencil support: D0S0 D16S0 D24S0 D32S0 Packed-D24S8 
14:43:54: FBO PF_SHORT_RGB depth/stencil support: D0S0 D16S0 D24S0 D32S0 Packed-D24S8 
14:43:54: [GL] : Valid FBO targets PF_UNKNOWN PF_L8 PF_A8 PF_A4L4 PF_BYTE_LA PF_R5G6B5 PF_B5G6R5 PF_A4R4G4B4 PF_A1R5G5B5 PF_R8G8B8 PF_B8G8R8 PF_A8R8G8B8 PF_B8G8R8A8 PF_A2R10G10B10 PF_A2B10G10R10 PF_FLOAT16_RGB PF_FLOAT16_RGBA PF_FLOAT32_RGB PF_FLOAT32_RGBA PF_X8R8G8B8 PF_X8B8G8R8 PF_SHORT_RGBA PF_R3G3B2 PF_FLOAT16_R PF_FLOAT32_R PF_FLOAT16_GR PF_FLOAT32_GR PF_SHORT_RGB 
14:43:54: RenderSystem capabilities
14:43:54: -------------------------
14:43:54: RenderSystem Name: OpenGL Rendering Subsystem
14:43:54: GPU Vendor: nvidia
14:43:54: Device Name: GeForce 310M/PCI/SSE2
14:43:54: Driver Version: 3.3.0.0
14:43:54:  * Fixed function pipeline: yes
14:43:54:  * Hardware generation of mipmaps: yes
14:43:54:  * Texture blending: yes
14:43:54:  * Anisotropic texture filtering: yes
14:43:54:  * Dot product texture operation: yes
14:43:54:  * Cube mapping: yes
14:43:54:  * Hardware stencil buffer: yes
14:43:54:    - Stencil depth: 8
14:43:54:    - Two sided stencil support: yes
14:43:54:    - Wrap stencil values: yes
14:43:54:  * Hardware vertex / index buffers: yes
14:43:54:  * Vertex programs: yes
14:43:54:  * Number of floating-point constants for vertex programs: 1024
14:43:54:  * Number of integer constants for vertex programs: 0
14:43:54:  * Number of boolean constants for vertex programs: 0
14:43:54:  * Fragment programs: yes
14:43:54:  * Number of floating-point constants for fragment programs: 512
14:43:54:  * Number of integer constants for fragment programs: 0
14:43:54:  * Number of boolean constants for fragment programs: 0
14:43:54:  * Geometry programs: yes
14:43:54:  * Number of floating-point constants for geometry programs: 2048
14:43:54:  * Number of integer constants for geometry programs: 0
14:43:54:  * Number of boolean constants for geometry programs: 0
14:43:54:  * Supported Shader Profiles: arbfp1 arbvp1 fp20 fp30 fp40 glsl gp4fp gp4gp gp4vp gpu_fp gpu_gp gpu_vp nvgp4 vp30 vp40
14:43:54:  * Texture Compression: yes
14:43:54:    - DXT: yes
14:43:54:    - VTC: yes
14:43:54:    - PVRTC: no
14:43:54:  * Scissor Rectangle: yes
14:43:54:  * Hardware Occlusion Query: yes
14:43:54:  * User clip planes: yes
14:43:54:  * VET_UBYTE4 vertex element type: yes
14:43:54:  * Infinite far plane projection: yes
14:43:54:  * Hardware render-to-texture: yes
14:43:54:  * Floating point textures: yes
14:43:54:  * Non-power-of-two textures: yes
14:43:54:  * Volume textures: yes
14:43:54:  * Multiple Render Targets: 8
14:43:54:    - With different bit depths: yes
14:43:54:  * Point Sprites: yes
14:43:54:  * Extended point parameters: yes
14:43:54:  * Max Point Size: 63.375
14:43:54:  * Vertex texture fetch: yes
14:43:54:  * Number of world matrices: 0
14:43:54:  * Number of texture units: 32
14:43:54:  * Stencil buffer depth: 8
14:43:54:  * Number of vertex blend matrices: 0
14:43:54:    - Max vertex textures: 32
14:43:54:    - Vertex textures shared: yes
14:43:54:  * Render to Vertex Buffer : yes
14:43:54:  * GL 1.5 without VBO workaround: no
14:43:54:  * Frame Buffer objects: yes
14:43:54:  * Frame Buffer objects (ARB extension): no
14:43:54:  * Frame Buffer objects (ATI extension): no
14:43:54:  * PBuffer support: yes
14:43:54:  * GL 1.5 without HW-occlusion workaround: no
14:43:54:  * Separate shader objects: no
14:43:54: DefaultWorkQueue('Root') initialising on thread 0xdb2270.
14:43:54: DefaultWorkQueue('Root')::WorkerFunc - thread 0xe0db70 starting.
14:43:54: DefaultWorkQueue('Root')::WorkerFunc - thread 0x103bef0 starting.
14:43:54: DefaultWorkQueue('Root')::WorkerFunc - thread 0x1039e70 starting.
14:43:54: DefaultWorkQueue('Root')::WorkerFunc - thread 0x10352c0 starting.
14:43:54: Particle Renderer Type 'billboard' registered
14:43:54: SceneManagerFactory for type 'BspSceneManager' registered.
14:43:54: Registering ResourceManager for type BspLevel
14:43:54: SceneManagerFactory for type 'PCZSceneManager' registered.
14:43:54: MovableObjectFactory for type 'PCZLight' registered.
14:43:54: MovableObjectFactory for type 'Portal' registered.
14:43:54: MovableObjectFactory for type 'AntiPortal' registered.
14:43:54: PCZone Factory Type 'ZoneType_Octree' registered
14:43:54: SceneManagerFactory for type 'OctreeSceneManager' registered.
14:43:54: Creating resource group Essential
14:43:54: Added resource location '/usr/local/share/OGRE/media/thumbnails' of type 'FileSystem' to resource group 'Essential'
14:43:54: Added resource location '/usr/local/share/OGRE/media/packs/SdkTrays.zip' of type 'Zip' to resource group 'Essential'
14:43:54: Added resource location '/usr/local/share/OGRE/media' of type 'FileSystem' to resource group 'General'
14:43:54: Creating resource group Popular
14:43:54: Added resource location '/usr/local/share/OGRE/media/materials/programs' of type 'FileSystem' to resource group 'Popular'
14:43:54: Added resource location '/usr/local/share/OGRE/media/materials/scripts' of type 'FileSystem' to resource group 'Popular'
14:43:54: Added resource location '/usr/local/share/OGRE/media/materials/textures' of type 'FileSystem' to resource group 'Popular'
14:43:54: Added resource location '/usr/local/share/OGRE/media/models' of type 'FileSystem' to resource group 'Popular'
14:43:54: Added resource location '/media/HonDa/Documents/Trabajos/USB/ServicioComunitario/mesh' of type 'FileSystem' to resource group 'Popular'
14:43:54: Parsing scripts for resource group Autodetect
14:43:54: Finished parsing scripts for resource group Autodetect
14:43:54: Creating resources for group Autodetect
14:43:54: All done
14:43:54: Parsing scripts for resource group Essential
14:43:54: Parsing script SdkTrays.material
14:43:54: Parsing script SdkTrays.fontdef
14:43:54: Parsing script SdkTrays.overlay
14:43:54: Texture: sdk_cursor.png: Loading 1 faces(PF_A8R8G8B8,32x32x1) with 5 generated mipmaps from Image. Internal format is PF_A8R8G8B8,32x32x1.
14:43:54: Texture: sdk_tray.png: Loading 1 faces(PF_A8R8G8B8,64x64x1) with 6 generated mipmaps from Image. Internal format is PF_A8R8G8B8,64x64x1.
14:43:54: Texture: sdk_button_up.png: Loading 1 faces(PF_A8R8G8B8,128x32x1) with 7 generated mipmaps from Image. Internal format is PF_A8R8G8B8,128x32x1.
14:43:54: Texture: sdk_text_box.png: Loading 1 faces(PF_A8R8G8B8,32x32x1) with 5 generated mipmaps from Image. Internal format is PF_A8R8G8B8,32x32x1.
14:43:54: Texture: sdk_mini_tray.png: Loading 1 faces(PF_A8R8G8B8,32x32x1) with 5 generated mipmaps from Image. Internal format is PF_A8R8G8B8,32x32x1.
14:43:54: Texture: sdk_track.png: Loading 1 faces(PF_A8R8G8B8,16x32x1) with 5 generated mipmaps from Image. Internal format is PF_A8R8G8B8,16x32x1.
14:43:54: Texture: sdk_handle.png: Loading 1 faces(PF_A8R8G8B8,16x16x1) with 4 generated mipmaps from Image. Internal format is PF_A8R8G8B8,16x16x1.
14:43:54: Texture: sdk_mini_text_box.png: Loading 1 faces(PF_A8R8G8B8,32x32x1) with 5 generated mipmaps from Image. Internal format is PF_A8R8G8B8,32x32x1.
14:43:54: Texture: sdk_label.png: Loading 1 faces(PF_A8R8G8B8,32x32x1) with 5 generated mipmaps from Image. Internal format is PF_A8R8G8B8,32x32x1.
14:43:54: Texture: sdk_separator.png: Loading 1 faces(PF_A8R8G8B8,64x16x1) with 6 generated mipmaps from Image. Internal format is PF_A8R8G8B8,64x16x1.
14:43:54: Texture: sdk_logo.png: Loading 1 faces(PF_A8R8G8B8,128x64x1) with 7 generated mipmaps from Image. Internal format is PF_A8R8G8B8,128x64x1.
14:43:54: Texture: sdk_shade.png: Loading 1 faces(PF_A8R8G8B8,64x48x1) with 6 generated mipmaps from Image. Internal format is PF_A8R8G8B8,64x48x1.
14:43:54: Texture: sdk_frame.png: Loading 1 faces(PF_A8R8G8B8,32x32x1) with 5 generated mipmaps from Image. Internal format is PF_A8R8G8B8,32x32x1.
14:43:54: Texture: sdk_mini_text_box_over.png: Loading 1 faces(PF_A8R8G8B8,32x32x1) with 5 generated mipmaps from Image. Internal format is PF_A8R8G8B8,32x32x1.
14:43:54: Texture: sdk_pulse.png: Loading 1 faces(PF_R8G8B8,8x1x1) with 3 generated mipmaps from Image. Internal format is PF_X8R8G8B8,8x1x1.
14:43:54: Finished parsing scripts for resource group Essential
14:43:54: Creating resources for group Essential
14:43:54: All done
14:43:54: Parsing scripts for resource group General
14:43:54: Finished parsing scripts for resource group General
14:43:54: Creating resources for group General
14:43:54: All done
14:43:54: Parsing scripts for resource group Internal
14:43:54: Finished parsing scripts for resource group Internal
14:43:54: Creating resources for group Internal
14:43:54: All done
14:43:54: Parsing scripts for resource group Popular
14:43:54: Parsing script Instancing.program
14:43:55: Parsing script DualQuaternion.program
14:43:55: Parsing script StdQuad_vp.program
14:43:55: Parsing script Examples.program
14:43:55: Parsing script DepthShadowmap.material
14:43:55: Parsing script GLSLSwizzle.material
14:43:55: Parsing script VTFInstancing.material
14:43:55: Parsing script Halftone.material
14:43:55: Parsing script ShaderSystem.material
14:43:55: Parsing script Penguin.material
14:43:55: Parsing script Example-Water.material
14:43:55: Parsing script Examples-Advanced.material
14:43:55: Compiler error: object unsupported by render system in Examples-Advanced.material(524)
14:43:55: Parsing script DualQuaternion.material
14:43:55: Parsing script MotionBlur.material
14:43:55: Parsing script sibenik.material
14:43:55: Parsing script pssm.material
14:43:55: Parsing script Embossed.material
14:43:55: Parsing script HW_VTF_LUTInstancing.material
14:43:55: Parsing script Dither.material
14:43:55: Parsing script Examples-Water.material
14:43:55: Parsing script SharpenEdges.material
14:43:55: Parsing script Bloom2.material
14:43:55: Parsing script Invert.material
14:43:55: Parsing script ASMSwizzle.material
14:43:55: Parsing script Hurt.material
14:43:55: Parsing script Ocean.material
14:43:55: Parsing script VarianceShadowmap.material
14:43:55: Parsing script DOF.material
14:43:55: OGRE EXCEPTION(7:InternalErrorException): Error while unloading Cg program DOF_Blur_ps: The parameter used is invalid. in CgProgram::unloadImpl at /media/HonDa/Documents/Trabajos/USB/ServicioComunitario/ogre_src_v1-8-0/PlugIns/CgProgramManager/src/OgreCgProgramManagerDll.cpp (line 67)
14:43:55: High-level program DOF_Blur_ps encountered an error during loading and is thus not supported.
OGRE EXCEPTION(7:InternalErrorException): Error while unloading Cg program DOF_Blur_ps: The parameter used is invalid. in CgProgram::unloadImpl at /media/HonDa/Documents/Trabajos/USB/ServicioComunitario/ogre_src_v1-8-0/PlugIns/CgProgramManager/src/OgreCgProgramManagerDll.cpp (line 67)
14:43:55: OGRE EXCEPTION(7:InternalErrorException): Error while unloading Cg program DOF_Blend_ps: The parameter used is invalid. in CgProgram::unloadImpl at /media/HonDa/Documents/Trabajos/USB/ServicioComunitario/ogre_src_v1-8-0/PlugIns/CgProgramManager/src/OgreCgProgramManagerDll.cpp (line 67)
14:43:55: High-level program DOF_Blend_ps encountered an error during loading and is thus not supported.
OGRE EXCEPTION(7:InternalErrorException): Error while unloading Cg program DOF_Blend_ps: The parameter used is invalid. in CgProgram::unloadImpl at /media/HonDa/Documents/Trabajos/USB/ServicioComunitario/ogre_src_v1-8-0/PlugIns/CgProgramManager/src/OgreCgProgramManagerDll.cpp (line 67)
14:43:55: Parsing script ParticleGS.material
14:43:55: Parsing script instancing.material
14:43:55: Parsing script Examples-DynTex.material
14:43:55: Parsing script HeatVision.material
14:43:55: Parsing script Glass.material
14:43:55: Parsing script Laplace.material
14:43:55: Parsing script facial.material
14:43:55: Parsing script NightVision.material
14:43:55: Parsing script CompositorDemo.material
14:43:55: Parsing script BlackAndWhite.material
14:43:55: Parsing script RadialBlur.material
14:43:55: Parsing script smoke.material
14:43:55: Parsing script OldMovie.material
14:43:55: Parsing script RZR-002.material
14:43:55: Parsing script Posterize.material
14:43:55: Parsing script OffsetMapping.material
14:43:55: Compiler error: object unsupported by render system in OffsetMapping.material(35)
14:43:55: Parsing script IsoSurf.material
14:43:55: Problem parsing the following Cg Uniform: '@TMP0' in file Ogre/IsoSurf/TessellateTetrahedraGS_CG
14:43:55: Parsing script CGSwizzle.material
14:43:55: Parsing script ShaderInstancing.material
14:43:55: Parsing script InstancingMisc.material
14:43:55: Parsing script Bloom.material
14:43:55: Parsing script HWInstancing.material
14:43:56: Parsing script ASCII.material
14:43:56: Parsing script Tiling.material
14:43:56: Parsing script hdr.material
14:43:56: Parsing script HW_VTFInstancing.material
14:43:56: Parsing script shadows.material
14:43:56: Parsing script Ogre.material
14:43:56: Parsing script Examples.material
14:43:56: Parsing script MRTtest.material
14:43:56: Parsing script OldTV.material
14:43:56: Parsing script letras3d.material
14:43:56: Parsing script letrasinfo.material
14:43:56: Parsing script letrasmapa.material
14:43:56: Parsing script Material.material
14:43:56: Parsing script superficieretiro.material
14:43:56: Parsing script Examples.compositor
14:43:56: Finished parsing scripts for resource group Popular
14:43:56: Creating resources for group Popular
14:43:56: All done
14:43:57: Mesh: Loading superficieretiro.mesh.
14:43:57: Mesh: Loading letrasmapa.mesh.
14:43:57: Mesh: Loading letras3d.mesh.
14:43:57: Mesh: Loading letrasinfo.mesh.
14:43:57: Mesh: Loading cube.mesh.
14:59:36: DefaultWorkQueue('Root') shutting down on thread 0xdb2270.
14:59:36: DefaultWorkQueue('Root')::WorkerFunc - thread 0xe0db70 stopped.
14:59:36: DefaultWorkQueue('Root')::WorkerFunc - thread 0x103bef0 stopped.
14:59:36: DefaultWorkQueue('Root')::WorkerFunc - thread 0x1039e70 stopped.
14:59:36: DefaultWorkQueue('Root')::WorkerFunc - thread 0x10352c0 stopped.
14:59:36: PCZone Factory Type 'ZoneType_Octree' unregistered
14:59:36: Unregistering ResourceManager for type BspLevel
14:59:36: *-*-* OGRE Shutdown
14:59:36: Unregistering ResourceManager for type Compositor
14:59:36: Unregistering ResourceManager for type Font
14:59:36: Unregistering ResourceManager for type Skeleton
14:59:36: Unregistering ResourceManager for type Mesh
14:59:36: Unregistering ResourceManager for type HighLevelGpuProgram
14:59:36: Uninstalling plugin: Octree Scene Manager
14:59:36: Plugin successfully uninstalled
14:59:36: Unloading library /usr/local/lib/OGRE/Plugin_OctreeSceneManager
14:59:36: Uninstalling plugin: Octree Zone Factory
14:59:36: Plugin successfully uninstalled
14:59:36: Unloading library /usr/local/lib/OGRE/Plugin_OctreeZone
14:59:36: Uninstalling plugin: Portal Connected Zone Scene Manager
14:59:36: Plugin successfully uninstalled
14:59:36: Unloading library /usr/local/lib/OGRE/Plugin_PCZSceneManager
14:59:36: Uninstalling plugin: Cg Program Manager
14:59:36: Plugin successfully uninstalled
14:59:36: Unloading library /usr/local/lib/OGRE/Plugin_CgProgramManager
14:59:36: Uninstalling plugin: BSP Scene Manager
14:59:36: Plugin successfully uninstalled
14:59:36: Unloading library /usr/local/lib/OGRE/Plugin_BSPSceneManager
14:59:36: Uninstalling plugin: ParticleFX
14:59:36: Plugin successfully uninstalled
14:59:36: Unloading library /usr/local/lib/OGRE/Plugin_ParticleFX
14:59:36: Uninstalling plugin: GL RenderSystem
14:59:36: Unregistering ResourceManager for type GpuProgram
14:59:36: ******************************
*** Stopping GLX Subsystem ***
******************************
14:59:36: Unregistering ResourceManager for type Texture
14:59:36: Plugin successfully uninstalled
14:59:36: Unloading library /usr/local/lib/OGRE/RenderSystem_GL
14:59:36: Unregistering ResourceManager for type Material
