20:56:45: Creating resource group General
20:56:45: Creating resource group Internal
20:56:45: Creating resource group Autodetect
20:56:45: SceneManagerFactory for type 'DefaultSceneManager' registered.
20:56:45: Registering ResourceManager for type Material
20:56:45: Registering ResourceManager for type Mesh
20:56:45: Registering ResourceManager for type Skeleton
20:56:45: MovableObjectFactory for type 'ParticleSystem' registered.
20:56:45: OverlayElementFactory for type Panel registered.
20:56:45: OverlayElementFactory for type BorderPanel registered.
20:56:45: OverlayElementFactory for type TextArea registered.
20:56:45: Registering ResourceManager for type Font
20:56:45: ArchiveFactory for archive type FileSystem registered.
20:56:45: ArchiveFactory for archive type Zip registered.
20:56:45: ArchiveFactory for archive type EmbeddedZip registered.
20:56:45: DDS codec registering
20:56:45: FreeImage version: 3.15.1
20:56:45: This program uses FreeImage, a free, open source image library supporting all common bitmap formats. See http://freeimage.sourceforge.net for details
20:56:45: Supported formats: bmp,ico,jpg,jif,jpeg,jpe,jng,koa,iff,lbm,mng,pbm,pbm,pcd,pcx,pgm,pgm,png,ppm,ppm,ras,tga,targa,tif,tiff,wap,wbmp,wbm,psd,cut,xbm,xpm,gif,hdr,g3,sgi,exr,j2k,j2c,jp2,pfm,pct,pict,pic,3fr,arw,bay,bmq,cap,cine,cr2,crw,cs1,dc2,dcr,drf,dsc,dng,erf,fff,ia,iiq,k25,kc2,kdc,mdc,mef,mos,mrw,nef,nrw,orf,pef,ptx,pxn,qtk,raf,raw,rdc,rw2,rwl,rwz,sr2,srf,sti
20:56:45: Registering ResourceManager for type HighLevelGpuProgram
20:56:45: Registering ResourceManager for type Compositor
20:56:45: MovableObjectFactory for type 'Entity' registered.
20:56:45: MovableObjectFactory for type 'Light' registered.
20:56:45: MovableObjectFactory for type 'BillboardSet' registered.
20:56:45: MovableObjectFactory for type 'ManualObject' registered.
20:56:45: MovableObjectFactory for type 'BillboardChain' registered.
20:56:45: MovableObjectFactory for type 'RibbonTrail' registered.
20:56:45: Loading library /usr/local/lib/OGRE/RenderSystem_GL
20:56:46: Installing plugin: GL RenderSystem
20:56:46: OpenGL Rendering Subsystem created.
20:56:46: Plugin successfully installed
20:56:46: Loading library /usr/local/lib/OGRE/Plugin_ParticleFX
20:56:46: Installing plugin: ParticleFX
20:56:46: Particle Emitter Type 'Point' registered
20:56:46: Particle Emitter Type 'Box' registered
20:56:46: Particle Emitter Type 'Ellipsoid' registered
20:56:46: Particle Emitter Type 'Cylinder' registered
20:56:46: Particle Emitter Type 'Ring' registered
20:56:46: Particle Emitter Type 'HollowEllipsoid' registered
20:56:46: Particle Affector Type 'LinearForce' registered
20:56:46: Particle Affector Type 'ColourFader' registered
20:56:46: Particle Affector Type 'ColourFader2' registered
20:56:46: Particle Affector Type 'ColourImage' registered
20:56:46: Particle Affector Type 'ColourInterpolator' registered
20:56:46: Particle Affector Type 'Scaler' registered
20:56:46: Particle Affector Type 'Rotator' registered
20:56:46: Particle Affector Type 'DirectionRandomiser' registered
20:56:46: Particle Affector Type 'DeflectorPlane' registered
20:56:46: Plugin successfully installed
20:56:46: Loading library /usr/local/lib/OGRE/Plugin_BSPSceneManager
20:56:46: Installing plugin: BSP Scene Manager
20:56:46: Plugin successfully installed
20:56:46: Loading library /usr/local/lib/OGRE/Plugin_CgProgramManager
20:56:46: Installing plugin: Cg Program Manager
20:56:46: Plugin successfully installed
20:56:46: Loading library /usr/local/lib/OGRE/Plugin_PCZSceneManager
20:56:46: Installing plugin: Portal Connected Zone Scene Manager
20:56:46: PCZone Factory Type 'ZoneType_Default' registered
20:56:46: Plugin successfully installed
20:56:46: Loading library /usr/local/lib/OGRE/Plugin_OctreeZone
20:56:46: Installing plugin: Octree Zone Factory
20:56:46: Plugin successfully installed
20:56:46: Loading library /usr/local/lib/OGRE/Plugin_OctreeSceneManager
20:56:46: Installing plugin: Octree Scene Manager
20:56:46: Plugin successfully installed
20:56:46: *-*-* OGRE Initialising
20:56:46: *-*-* Version 1.8.1 (Byatis)
20:56:46: Creating resource group Essential
20:56:46: Added resource location '/usr/local/share/OGRE/media/thumbnails' of type 'FileSystem' to resource group 'Essential'
20:56:46: Added resource location '/usr/local/share/OGRE/media/packs/SdkTrays.zip' of type 'Zip' to resource group 'Essential'
20:56:46: Added resource location '/usr/local/share/OGRE/media' of type 'FileSystem' to resource group 'General'
20:56:46: Creating resource group Popular
20:56:46: Added resource location '/usr/local/share/OGRE/media/materials/programs' of type 'FileSystem' to resource group 'Popular'
20:56:46: Added resource location '/usr/local/share/OGRE/media/materials/scripts' of type 'FileSystem' to resource group 'Popular'
20:56:46: Added resource location '/usr/local/share/OGRE/media/materials/textures' of type 'FileSystem' to resource group 'Popular'
20:56:46: Added resource location '/usr/local/share/OGRE/media/models' of type 'FileSystem' to resource group 'Popular'
20:56:46: Added resource location '../mesh' of type 'FileSystem' to resource group 'Popular'
20:56:46: CPU Identifier & Features
20:56:46: -------------------------
20:56:46:  *   CPU ID: GenuineIntel: Intel(R) Core(TM) i7-3610QM CPU @ 2.30GHz
20:56:46:  *      SSE: yes
20:56:46:  *     SSE2: yes
20:56:46:  *     SSE3: yes
20:56:46:  *      MMX: yes
20:56:46:  *   MMXEXT: yes
20:56:46:  *    3DNOW: no
20:56:46:  * 3DNOWEXT: no
20:56:46:  *     CMOV: yes
20:56:46:  *      TSC: yes
20:56:46:  *      FPU: yes
20:56:46:  *      PRO: yes
20:56:46:  *       HT: no
20:56:46: -------------------------
20:56:46: ******************************
*** Starting GLX Subsystem ***
******************************
20:56:46: Registering ResourceManager for type Texture
20:56:46: GLRenderSystem::_createRenderWindow "TinyOgre Render Window", 800x600 windowed  miscParams: FSAA=0 displayFrequency=74 MHz gamma=No vsync=No 
20:56:46: GLXWindow::create used FBConfigID = 107
20:56:46: GL_VERSION = 3.0 Mesa 9.0
20:56:46: GL_VENDOR = Intel Open Source Technology Center
20:56:46: GL_RENDERER = Mesa DRI Intel(R) Ivybridge Mobile 
20:56:46: GL_EXTENSIONS = GL_ARB_multisample GL_EXT_abgr GL_EXT_bgra GL_EXT_blend_color GL_EXT_blend_minmax GL_EXT_blend_subtract GL_EXT_copy_texture GL_EXT_polygon_offset GL_EXT_subtexture GL_EXT_texture_object GL_EXT_vertex_array GL_EXT_compiled_vertex_array GL_EXT_texture GL_EXT_texture3D GL_IBM_rasterpos_clip GL_ARB_point_parameters GL_EXT_draw_range_elements GL_EXT_packed_pixels GL_EXT_point_parameters GL_EXT_rescale_normal GL_EXT_separate_specular_color GL_EXT_texture_edge_clamp GL_SGIS_generate_mipmap GL_SGIS_texture_border_clamp GL_SGIS_texture_edge_clamp GL_SGIS_texture_lod GL_ARB_framebuffer_sRGB GL_ARB_multitexture GL_EXT_framebuffer_sRGB GL_IBM_multimode_draw_arrays GL_IBM_texture_mirrored_repeat GL_3DFX_texture_compression_FXT1 GL_ARB_texture_cube_map GL_ARB_texture_env_add GL_ARB_transpose_matrix GL_EXT_blend_func_separate GL_EXT_fog_coord GL_EXT_multi_draw_arrays GL_EXT_secondary_color GL_EXT_texture_env_add GL_EXT_texture_filter_anisotropic GL_EXT_texture_lod_bias GL_INGR_blend_func_separate GL_NV_blend_square GL_NV_light_max_exponent GL_NV_texgen_reflection GL_NV_texture_env_combine4 GL_S3_s3tc GL_SUN_multi_draw_arrays GL_ARB_texture_border_clamp GL_ARB_texture_compression GL_EXT_framebuffer_object GL_EXT_texture_compression_s3tc GL_EXT_texture_env_combine GL_EXT_texture_env_dot3 GL_MESA_window_pos GL_NV_packed_depth_stencil GL_NV_texture_rectangle GL_NV_vertex_program GL_ARB_depth_texture GL_ARB_occlusion_query GL_ARB_shadow GL_ARB_texture_env_combine GL_ARB_texture_env_crossbar GL_ARB_texture_env_dot3 GL_ARB_texture_mirrored_repeat GL_ARB_window_pos GL_ATI_envmap_bumpmap GL_EXT_stencil_two_side GL_EXT_texture_cube_map GL_NV_depth_clamp GL_NV_vertex_program1_1 GL_APPLE_packed_pixels GL_APPLE_vertex_array_object GL_ARB_draw_buffers GL_ARB_fragment_program GL_ARB_fragment_shader GL_ARB_shader_objects GL_ARB_vertex_program GL_ARB_vertex_shader GL_ATI_draw_buffers GL_ATI_texture_env_combine3 GL_ATI_texture_float GL_EXT_shadow_funcs GL_EXT_stencil_wrap GL_MESA_pack_invert GL_MESA_ycbcr_texture GL_NV_primitive_restart GL_ARB_depth_clamp GL_ARB_fragment_program_shadow GL_ARB_half_float_pixel GL_ARB_occlusion_query2 GL_ARB_point_sprite GL_ARB_shading_language_100 GL_ARB_sync GL_ARB_texture_non_power_of_two GL_ARB_vertex_buffer_object GL_ATI_blend_equation_separate GL_EXT_blend_equation_separate GL_OES_read_format GL_ARB_color_buffer_float GL_ARB_pixel_buffer_object GL_ARB_texture_compression_rgtc GL_ARB_texture_float GL_ARB_texture_rectangle GL_EXT_packed_float GL_EXT_pixel_buffer_object GL_EXT_texture_compression_dxt1 GL_EXT_texture_compression_rgtc GL_EXT_texture_rectangle GL_EXT_texture_sRGB GL_EXT_texture_shared_exponent GL_ARB_framebuffer_object GL_EXT_framebuffer_blit GL_EXT_framebuffer_multisample GL_EXT_packed_depth_stencil GL_APPLE_object_purgeable GL_ARB_vertex_array_object GL_ATI_separate_stencil GL_EXT_draw_buffers2 GL_EXT_draw_instanced GL_EXT_gpu_program_parameters GL_EXT_texture_array GL_EXT_texture_integer GL_EXT_texture_sRGB_decode GL_EXT_timer_query GL_OES_EGL_image GL_MESA_texture_array GL_ARB_copy_buffer GL_ARB_depth_buffer_float GL_ARB_draw_instanced GL_ARB_half_float_vertex GL_ARB_instanced_arrays GL_ARB_map_buffer_range GL_ARB_texture_rg GL_ARB_texture_swizzle GL_ARB_vertex_array_bgra GL_EXT_separate_shader_objects GL_EXT_texture_swizzle GL_EXT_vertex_array_bgra GL_NV_conditional_render GL_AMD_draw_buffers_blend GL_ARB_ES2_compatibility GL_ARB_blend_func_extended GL_ARB_debug_output GL_ARB_draw_buffers_blend GL_ARB_draw_elements_base_vertex GL_ARB_explicit_attrib_location GL_ARB_fragment_coord_conventions GL_ARB_provoking_vertex GL_ARB_sampler_objects GL_ARB_seamless_cube_map GL_ARB_shader_texture_lod GL_ARB_texture_rgb10_a2ui GL_ARB_uniform_buffer_object GL_EXT_provoking_vertex GL_EXT_texture_snorm GL_MESA_texture_signed_rgba GL_ARB_robustness GL_ARB_shader_bit_encoding GL_ARB_texture_storage GL_EXT_transform_feedback GL_ARB_invalidate_subdata 
20:56:46: Supported GLX extensions: GLX_ARB_get_proc_address GLX_ARB_multisample GLX_EXT_import_context GLX_EXT_visual_info GLX_EXT_visual_rating GLX_MESA_copy_sub_buffer GLX_MESA_multithread_makecurrent GLX_MESA_swap_control GLX_OML_swap_method GLX_OML_sync_control GLX_SGI_make_current_read GLX_SGI_swap_control GLX_SGI_video_sync GLX_SGIS_multisample GLX_SGIX_fbconfig GLX_SGIX_pbuffer GLX_SGIX_visual_select_group GLX_EXT_texture_from_pixmap 
20:56:46: ***************************
20:56:46: *** GL Renderer Started ***
20:56:46: ***************************
20:56:46: Registering ResourceManager for type GpuProgram
20:56:46: GLSL support detected
20:56:46: GL: Using GL_EXT_framebuffer_object for rendering to textures (best)
20:56:46: FBO PF_UNKNOWN depth/stencil support: D0S1 D0S4 D0S8 D0S16 D16S0 D16S1 D16S4 D16S8 D16S16 D24S0 D24S1 D24S4 D24S8 D24S16 D32S0 D32S1 D32S4 D32S8 D32S16 Packed-D24S8 
20:56:46: FBO PF_A8 depth/stencil support: D0S0 D0S1 D0S4 D0S8 D0S16 D16S0 D16S1 D16S4 D16S8 D16S16 D24S0 D24S1 D24S4 D24S8 D24S16 D32S0 D32S1 D32S4 D32S8 D32S16 Packed-D24S8 
20:56:46: FBO PF_R5G6B5 depth/stencil support: D0S0 D0S1 D0S4 D0S8 D0S16 D16S0 D16S1 D16S4 D16S8 D16S16 D24S0 D24S1 D24S4 D24S8 D24S16 D32S0 D32S1 D32S4 D32S8 D32S16 Packed-D24S8 
20:56:46: FBO PF_B5G6R5 depth/stencil support: D0S0 D0S1 D0S4 D0S8 D0S16 D16S0 D16S1 D16S4 D16S8 D16S16 D24S0 D24S1 D24S4 D24S8 D24S16 D32S0 D32S1 D32S4 D32S8 D32S16 Packed-D24S8 
20:56:46: FBO PF_A4R4G4B4 depth/stencil support: D0S0 D0S1 D0S4 D0S8 D0S16 D16S0 D16S1 D16S4 D16S8 D16S16 D24S0 D24S1 D24S4 D24S8 D24S16 D32S0 D32S1 D32S4 D32S8 D32S16 Packed-D24S8 
20:56:46: FBO PF_A1R5G5B5 depth/stencil support: D0S0 D0S1 D0S4 D0S8 D0S16 D16S0 D16S1 D16S4 D16S8 D16S16 D24S0 D24S1 D24S4 D24S8 D24S16 D32S0 D32S1 D32S4 D32S8 D32S16 Packed-D24S8 
20:56:46: FBO PF_R8G8B8 depth/stencil support: D0S0 D0S1 D0S4 D0S8 D0S16 D16S0 D16S1 D16S4 D16S8 D16S16 D24S0 D24S1 D24S4 D24S8 D24S16 D32S0 D32S1 D32S4 D32S8 D32S16 Packed-D24S8 
20:56:46: FBO PF_B8G8R8 depth/stencil support: D0S0 D0S1 D0S4 D0S8 D0S16 D16S0 D16S1 D16S4 D16S8 D16S16 D24S0 D24S1 D24S4 D24S8 D24S16 D32S0 D32S1 D32S4 D32S8 D32S16 Packed-D24S8 
20:56:46: FBO PF_A8R8G8B8 depth/stencil support: D0S0 D0S1 D0S4 D0S8 D0S16 D16S0 D16S1 D16S4 D16S8 D16S16 D24S0 D24S1 D24S4 D24S8 D24S16 D32S0 D32S1 D32S4 D32S8 D32S16 Packed-D24S8 
20:56:46: FBO PF_B8G8R8A8 depth/stencil support: D0S0 D0S1 D0S4 D0S8 D0S16 D16S0 D16S1 D16S4 D16S8 D16S16 D24S0 D24S1 D24S4 D24S8 D24S16 D32S0 D32S1 D32S4 D32S8 D32S16 Packed-D24S8 
20:56:46: FBO PF_A2R10G10B10 depth/stencil support: D0S0 D0S1 D0S4 D0S8 D0S16 D16S0 D16S1 D16S4 D16S8 D16S16 D24S0 D24S1 D24S4 D24S8 D24S16 D32S0 D32S1 D32S4 D32S8 D32S16 Packed-D24S8 
20:56:46: FBO PF_A2B10G10R10 depth/stencil support: D0S0 D0S1 D0S4 D0S8 D0S16 D16S0 D16S1 D16S4 D16S8 D16S16 D24S0 D24S1 D24S4 D24S8 D24S16 D32S0 D32S1 D32S4 D32S8 D32S16 Packed-D24S8 
20:56:46: FBO PF_FLOAT16_RGB depth/stencil support: D0S0 D0S1 D0S4 D0S8 D0S16 D16S0 D16S1 D16S4 D16S8 D16S16 D24S0 D24S1 D24S4 D24S8 D24S16 D32S0 D32S1 D32S4 D32S8 D32S16 Packed-D24S8 
20:56:46: FBO PF_FLOAT16_RGBA depth/stencil support: D0S0 D0S1 D0S4 D0S8 D0S16 D16S0 D16S1 D16S4 D16S8 D16S16 D24S0 D24S1 D24S4 D24S8 D24S16 D32S0 D32S1 D32S4 D32S8 D32S16 Packed-D24S8 
20:56:46: FBO PF_FLOAT32_RGB depth/stencil support: D0S0 D0S1 D0S4 D0S8 D0S16 D16S0 D16S1 D16S4 D16S8 D16S16 D24S0 D24S1 D24S4 D24S8 D24S16 D32S0 D32S1 D32S4 D32S8 D32S16 Packed-D24S8 
20:56:46: FBO PF_FLOAT32_RGBA depth/stencil support: D0S0 D0S1 D0S4 D0S8 D0S16 D16S0 D16S1 D16S4 D16S8 D16S16 D24S0 D24S1 D24S4 D24S8 D24S16 D32S0 D32S1 D32S4 D32S8 D32S16 Packed-D24S8 
20:56:46: FBO PF_X8R8G8B8 depth/stencil support: D0S0 D0S1 D0S4 D0S8 D0S16 D16S0 D16S1 D16S4 D16S8 D16S16 D24S0 D24S1 D24S4 D24S8 D24S16 D32S0 D32S1 D32S4 D32S8 D32S16 Packed-D24S8 
20:56:46: FBO PF_X8B8G8R8 depth/stencil support: D0S0 D0S1 D0S4 D0S8 D0S16 D16S0 D16S1 D16S4 D16S8 D16S16 D24S0 D24S1 D24S4 D24S8 D24S16 D32S0 D32S1 D32S4 D32S8 D32S16 Packed-D24S8 
20:56:46: FBO PF_SHORT_RGBA depth/stencil support: D0S0 D0S1 D0S4 D0S8 D0S16 D16S0 D16S1 D16S4 D16S8 D16S16 D24S0 D24S1 D24S4 D24S8 D24S16 D32S0 D32S1 D32S4 D32S8 D32S16 Packed-D24S8 
20:56:46: FBO PF_R3G3B2 depth/stencil support: D0S0 D0S1 D0S4 D0S8 D0S16 D16S0 D16S1 D16S4 D16S8 D16S16 D24S0 D24S1 D24S4 D24S8 D24S16 D32S0 D32S1 D32S4 D32S8 D32S16 Packed-D24S8 
20:56:46: FBO PF_FLOAT16_R depth/stencil support: D0S0 D0S1 D0S4 D0S8 D0S16 D16S0 D16S1 D16S4 D16S8 D16S16 D24S0 D24S1 D24S4 D24S8 D24S16 D32S0 D32S1 D32S4 D32S8 D32S16 Packed-D24S8 
20:56:46: FBO PF_FLOAT32_R depth/stencil support: D0S0 D0S1 D0S4 D0S8 D0S16 D16S0 D16S1 D16S4 D16S8 D16S16 D24S0 D24S1 D24S4 D24S8 D24S16 D32S0 D32S1 D32S4 D32S8 D32S16 Packed-D24S8 
20:56:46: FBO PF_SHORT_RGB depth/stencil support: D0S0 D0S1 D0S4 D0S8 D0S16 D16S0 D16S1 D16S4 D16S8 D16S16 D24S0 D24S1 D24S4 D24S8 D24S16 D32S0 D32S1 D32S4 D32S8 D32S16 Packed-D24S8 
20:56:46: [GL] : Valid FBO targets PF_UNKNOWN PF_A8 PF_R5G6B5 PF_B5G6R5 PF_A4R4G4B4 PF_A1R5G5B5 PF_R8G8B8 PF_B8G8R8 PF_A8R8G8B8 PF_B8G8R8A8 PF_A2R10G10B10 PF_A2B10G10R10 PF_FLOAT16_RGB PF_FLOAT16_RGBA PF_FLOAT32_RGB PF_FLOAT32_RGBA PF_X8R8G8B8 PF_X8B8G8R8 PF_SHORT_RGBA PF_R3G3B2 PF_FLOAT16_R PF_FLOAT32_R PF_SHORT_RGB 
20:56:46: RenderSystem capabilities
20:56:46: -------------------------
20:56:46: RenderSystem Name: OpenGL Rendering Subsystem
20:56:46: GPU Vendor: intel
20:56:46: Device Name: Mesa DRI Intel(R) Ivybridge Mobile 
20:56:46: Driver Version: 3.0.0.0
20:56:46:  * Fixed function pipeline: yes
20:56:46:  * Hardware generation of mipmaps: no
20:56:46:  * Texture blending: yes
20:56:46:  * Anisotropic texture filtering: yes
20:56:46:  * Dot product texture operation: yes
20:56:46:  * Cube mapping: yes
20:56:46:  * Hardware stencil buffer: yes
20:56:46:    - Stencil depth: 8
20:56:46:    - Two sided stencil support: yes
20:56:46:    - Wrap stencil values: yes
20:56:46:  * Hardware vertex / index buffers: yes
20:56:46:  * Vertex programs: yes
20:56:46:  * Number of floating-point constants for vertex programs: 4096
20:56:46:  * Number of integer constants for vertex programs: 0
20:56:46:  * Number of boolean constants for vertex programs: 0
20:56:46:  * Fragment programs: yes
20:56:46:  * Number of floating-point constants for fragment programs: 4096
20:56:46:  * Number of integer constants for fragment programs: 0
20:56:46:  * Number of boolean constants for fragment programs: 0
20:56:46:  * Geometry programs: no
20:56:46:  * Number of floating-point constants for geometry programs: 0
20:56:46:  * Number of integer constants for geometry programs: 0
20:56:46:  * Number of boolean constants for geometry programs: 0
20:56:46:  * Supported Shader Profiles: arbfp1 arbvp1 glsl
20:56:46:  * Texture Compression: yes
20:56:46:    - DXT: yes
20:56:46:    - VTC: no
20:56:46:    - PVRTC: no
20:56:46:  * Scissor Rectangle: yes
20:56:46:  * Hardware Occlusion Query: yes
20:56:46:  * User clip planes: yes
20:56:46:  * VET_UBYTE4 vertex element type: yes
20:56:46:  * Infinite far plane projection: yes
20:56:46:  * Hardware render-to-texture: yes
20:56:46:  * Floating point textures: yes
20:56:46:  * Non-power-of-two textures: yes
20:56:46:  * Volume textures: yes
20:56:46:  * Multiple Render Targets: 8
20:56:46:    - With different bit depths: yes
20:56:46:  * Point Sprites: yes
20:56:46:  * Extended point parameters: yes
20:56:46:  * Max Point Size: 255
20:56:46:  * Vertex texture fetch: yes
20:56:46:  * Number of world matrices: 0
20:56:46:  * Number of texture units: 16
20:56:46:  * Stencil buffer depth: 8
20:56:46:  * Number of vertex blend matrices: 0
20:56:46:    - Max vertex textures: 16
20:56:46:    - Vertex textures shared: yes
20:56:46:  * Render to Vertex Buffer : no
20:56:46:  * GL 1.5 without VBO workaround: no
20:56:46:  * Frame Buffer objects: yes
20:56:46:  * Frame Buffer objects (ARB extension): no
20:56:46:  * Frame Buffer objects (ATI extension): no
20:56:46:  * PBuffer support: yes
20:56:46:  * GL 1.5 without HW-occlusion workaround: no
20:56:46:  * Separate shader objects: no
20:56:46: DefaultWorkQueue('Root') initialising on thread 0x1bf2120.
20:56:46: DefaultWorkQueue('Root')::WorkerFunc - thread 0x1e66770 starting.
20:56:46: DefaultWorkQueue('Root')::WorkerFunc - thread 0x1e62d00 starting.
20:56:46: DefaultWorkQueue('Root')::WorkerFunc - thread 0x1e4dd30 starting.
20:56:46: DefaultWorkQueue('Root')::WorkerFunc - thread 0x1e633b0 starting.
20:56:46: DefaultWorkQueue('Root')::WorkerFunc - thread 0x1e4e060 starting.
20:56:46: DefaultWorkQueue('Root')::WorkerFunc - thread 0x1e72cf0 starting.
20:56:46: DefaultWorkQueue('Root')::WorkerFunc - thread 0x1e73000 starting.
20:56:46: DefaultWorkQueue('Root')::WorkerFunc - thread 0x1e73330 starting.
20:56:46: Particle Renderer Type 'billboard' registered
20:56:46: SceneManagerFactory for type 'BspSceneManager' registered.
20:56:46: Registering ResourceManager for type BspLevel
20:56:46: SceneManagerFactory for type 'PCZSceneManager' registered.
20:56:46: MovableObjectFactory for type 'PCZLight' registered.
20:56:46: MovableObjectFactory for type 'Portal' registered.
20:56:46: MovableObjectFactory for type 'AntiPortal' registered.
20:56:46: PCZone Factory Type 'ZoneType_Octree' registered
20:56:46: SceneManagerFactory for type 'OctreeSceneManager' registered.
20:56:46: Parsing scripts for resource group Autodetect
20:56:46: Finished parsing scripts for resource group Autodetect
20:56:46: Creating resources for group Autodetect
20:56:46: All done
20:56:46: Parsing scripts for resource group Essential
20:56:46: Parsing script SdkTrays.material
20:56:46: Parsing script SdkTrays.fontdef
20:56:46: Parsing script SdkTrays.overlay
20:56:46: Texture: sdk_cursor.png: Loading 1 faces(PF_A8R8G8B8,32x32x1) with 5 generated mipmaps from Image. Internal format is PF_A8R8G8B8,32x32x1.
20:56:46: Texture: sdk_tray.png: Loading 1 faces(PF_A8R8G8B8,64x64x1) with 5 generated mipmaps from Image. Internal format is PF_A8R8G8B8,64x64x1.
20:56:46: Texture: sdk_button_up.png: Loading 1 faces(PF_A8R8G8B8,128x32x1) with 5 generated mipmaps from Image. Internal format is PF_A8R8G8B8,128x32x1.
20:56:46: Texture: sdk_text_box.png: Loading 1 faces(PF_A8R8G8B8,32x32x1) with 5 generated mipmaps from Image. Internal format is PF_A8R8G8B8,32x32x1.
20:56:46: Texture: sdk_mini_tray.png: Loading 1 faces(PF_A8R8G8B8,32x32x1) with 5 generated mipmaps from Image. Internal format is PF_A8R8G8B8,32x32x1.
20:56:46: Texture: sdk_track.png: Loading 1 faces(PF_A8R8G8B8,16x32x1) with 5 generated mipmaps from Image. Internal format is PF_A8R8G8B8,16x32x1.
20:56:46: Texture: sdk_handle.png: Loading 1 faces(PF_A8R8G8B8,16x16x1) with 4 generated mipmaps from Image. Internal format is PF_A8R8G8B8,16x16x1.
20:56:46: Texture: sdk_mini_text_box.png: Loading 1 faces(PF_A8R8G8B8,32x32x1) with 5 generated mipmaps from Image. Internal format is PF_A8R8G8B8,32x32x1.
20:56:46: Texture: sdk_label.png: Loading 1 faces(PF_A8R8G8B8,32x32x1) with 5 generated mipmaps from Image. Internal format is PF_A8R8G8B8,32x32x1.
20:56:46: Texture: sdk_separator.png: Loading 1 faces(PF_A8R8G8B8,64x16x1) with 5 generated mipmaps from Image. Internal format is PF_A8R8G8B8,64x16x1.
20:56:46: Texture: sdk_logo.png: Loading 1 faces(PF_A8R8G8B8,128x64x1) with 5 generated mipmaps from Image. Internal format is PF_A8R8G8B8,128x64x1.
20:56:46: Texture: sdk_shade.png: Loading 1 faces(PF_A8R8G8B8,64x48x1) with 5 generated mipmaps from Image. Internal format is PF_A8R8G8B8,64x48x1.
20:56:46: Texture: sdk_frame.png: Loading 1 faces(PF_A8R8G8B8,32x32x1) with 5 generated mipmaps from Image. Internal format is PF_A8R8G8B8,32x32x1.
20:56:46: Texture: sdk_mini_text_box_over.png: Loading 1 faces(PF_A8R8G8B8,32x32x1) with 5 generated mipmaps from Image. Internal format is PF_A8R8G8B8,32x32x1.
20:56:46: Texture: sdk_pulse.png: Loading 1 faces(PF_R8G8B8,8x1x1) with 3 generated mipmaps from Image. Internal format is PF_X8R8G8B8,8x1x1.
20:56:46: Finished parsing scripts for resource group Essential
20:56:46: Creating resources for group Essential
20:56:46: All done
20:56:46: Parsing scripts for resource group General
20:56:46: Finished parsing scripts for resource group General
20:56:46: Creating resources for group General
20:56:46: All done
20:56:46: Parsing scripts for resource group Internal
20:56:46: Finished parsing scripts for resource group Internal
20:56:46: Creating resources for group Internal
20:56:46: All done
20:56:46: Parsing scripts for resource group Popular
20:56:46: Parsing script Instancing.program
20:56:46: Parsing script Examples.program
20:56:46: Parsing script StdQuad_vp.program
20:56:46: Parsing script DualQuaternion.program
20:56:46: OGRE EXCEPTION(7:InternalErrorException): Unable to compile Cg program Ogre/DualQuaternionHardwareSkinningTwoWeightsTwoPhaseCg: The compile returned an error.
DualQuaternion.cg(78) : warning C7019: "blendWgt" is too large for semantic "BLENDWEIGHT", which is size 1
(0) : error C6007: Constant register limit exceeded; more than 96 constant registers needed to compiled program
(0) : error C6007: Constant register limit exceeded; more than 96 constant registers needed to compiled program
(0) : error C6007: Constant register limit exceeded; more than 96 constant registers needed to compiled program
(0) : error C6007: Constant register limit exceeded; more than 96 constant registers needed to compiled program
(0) : error C6007: Constant register limit exceeded; more than 96 constant registers needed to compiled program
(0) : error C6007: Constant register limit exceeded; more than 96 constant registers needed to compiled program
(0) : error C6007: Constant register limit exceeded; more than 96 constant registers needed to compiled program
(0) : error C6007: Constant register limit exceeded; more than 96 constant registers needed to compiled program
 in CgProgram::compileMicrocode at /home/dymanik/proyects/ogre_src_v1-8-1/PlugIns/CgProgramManager/src/OgreCgProgramManagerDll.cpp (line 67)
20:56:47: High-level program Ogre/DualQuaternionHardwareSkinningTwoWeightsTwoPhaseCg encountered an error during loading and is thus not supported.
OGRE EXCEPTION(7:InternalErrorException): Unable to compile Cg program Ogre/DualQuaternionHardwareSkinningTwoWeightsTwoPhaseCg: The compile returned an error.
DualQuaternion.cg(78) : warning C7019: "blendWgt" is too large for semantic "BLENDWEIGHT", which is size 1
(0) : error C6007: Constant register limit exceeded; more than 96 constant registers needed to compiled program
(0) : error C6007: Constant register limit exceeded; more than 96 constant registers needed to compiled program
(0) : error C6007: Constant register limit exceeded; more than 96 constant registers needed to compiled program
(0) : error C6007: Constant register limit exceeded; more than 96 constant registers needed to compiled program
(0) : error C6007: Constant register limit exceeded; more than 96 constant registers needed to compiled program
(0) : error C6007: Constant register limit exceeded; more than 96 constant registers needed to compiled program
(0) : error C6007: Constant register limit exceeded; more than 96 constant registers needed to compiled program
(0) : error C6007: Constant register limit exceeded; more than 96 constant registers needed to compiled program
 in CgProgram::compileMicrocode at /home/dymanik/proyects/ogre_src_v1-8-1/PlugIns/CgProgramManager/src/OgreCgProgramManagerDll.cpp (line 67)
20:56:47: OGRE EXCEPTION(2:InvalidParametersException): Named constants have not been initialised, perhaps a compile error. in GpuProgramParameters::_findNamedConstantDefinition at /home/dymanik/proyects/ogre_src_v1-8-1/OgreMain/src/OgreGpuProgramParams.cpp (line 1441)
20:56:47: Compiler error: invalid parameters in DualQuaternion.program(28): setting of constant failed
20:56:47: Parsing script Examples-Water.material
20:56:47: Parsing script Tiling.material
20:56:47: Parsing script MotionBlur.material
20:56:47: Parsing script CompositorDemo.material
20:56:47: Parsing script Penguin.material
20:56:47: Parsing script ParticleGS.material
20:56:47: Parsing script OldMovie.material
20:56:47: Parsing script Examples.material
20:56:47: Parsing script ASCII.material
20:56:47: Parsing script Examples-DynTex.material
20:56:47: Parsing script BlackAndWhite.material
20:56:47: Parsing script GLSLSwizzle.material
20:56:47: Parsing script shadows.material
20:56:47: Parsing script Hurt.material
20:56:47: Parsing script OffsetMapping.material
20:56:47: Compiler error: object unsupported by render system in OffsetMapping.material(35)
20:56:47: Parsing script instancing.material
20:56:47: Parsing script Posterize.material
20:56:47: Parsing script Ogre.material
20:56:47: Parsing script facial.material
20:56:47: Parsing script hdr.material
20:56:47: Parsing script HWInstancing.material
20:56:47: Parsing script ShaderSystem.material
20:56:47: Parsing script pssm.material
20:56:47: Parsing script Example-Water.material
20:56:47: Parsing script RadialBlur.material
20:56:47: Parsing script Glass.material
20:56:47: Parsing script MRTtest.material
20:56:47: Parsing script ShaderInstancing.material
20:56:47: Parsing script smoke.material
20:56:47: Parsing script SharpenEdges.material
20:56:47: Parsing script Embossed.material
20:56:47: Parsing script Halftone.material
20:56:47: Parsing script HeatVision.material
20:56:47: Parsing script Bloom.material
20:56:47: Parsing script ASMSwizzle.material
20:56:47: Compiler error: object unsupported by render system in ASMSwizzle.material(1)
20:56:47: Parsing script Ocean.material
20:56:47: Parsing script Invert.material
20:56:47: Parsing script HW_VTFInstancing.material
20:56:47: Parsing script DepthShadowmap.material
20:56:47: Parsing script InstancingMisc.material
20:56:47: Parsing script RZR-002.material
20:56:47: Parsing script VarianceShadowmap.material
20:56:47: Parsing script Bloom2.material
20:56:47: Parsing script Dither.material
20:56:47: Parsing script Laplace.material
20:56:47: Parsing script HW_VTF_LUTInstancing.material
20:56:47: Parsing script DOF.material
20:56:47: Parsing script Examples-Advanced.material
20:56:47: Compiler error: object unsupported by render system in Examples-Advanced.material(524)
20:56:47: Compiler error: object unsupported by render system in Examples-Advanced.material(787)
20:56:47: Parsing script CGSwizzle.material
20:56:47: Parsing script sibenik.material
20:56:47: Parsing script IsoSurf.material
20:56:47: Parsing script DualQuaternion.material
20:56:47: Parsing script OldTV.material
20:56:47: Parsing script VTFInstancing.material
20:56:47: Parsing script NightVision.material
20:56:47: Parsing script Material.material
20:56:47: Parsing script letrasmapa.material
20:56:47: Parsing script letrasinfo.material
20:56:47: Parsing script superficieretiro.material
20:56:47: Parsing script letras3d.material
20:56:47: Parsing script Examples.compositor
20:56:47: Finished parsing scripts for resource group Popular
20:56:47: Creating resources for group Popular
20:56:47: All done
20:56:47: Mesh: Loading superficieretiro.mesh.
20:59:36: DefaultWorkQueue('Root') shutting down on thread 0x1bf2120.
20:59:36: DefaultWorkQueue('Root')::WorkerFunc - thread 0x1e66770 stopped.
20:59:36: DefaultWorkQueue('Root')::WorkerFunc - thread 0x1e4e060 stopped.
20:59:36: DefaultWorkQueue('Root')::WorkerFunc - thread 0x1e4dd30 stopped.
20:59:36: DefaultWorkQueue('Root')::WorkerFunc - thread 0x1e72cf0 stopped.
20:59:36: DefaultWorkQueue('Root')::WorkerFunc - thread 0x1e73000 stopped.
20:59:36: DefaultWorkQueue('Root')::WorkerFunc - thread 0x1e633b0 stopped.
20:59:36: DefaultWorkQueue('Root')::WorkerFunc - thread 0x1e62d00 stopped.
20:59:36: DefaultWorkQueue('Root')::WorkerFunc - thread 0x1e73330 stopped.
20:59:36: PCZone Factory Type 'ZoneType_Octree' unregistered
20:59:36: Unregistering ResourceManager for type BspLevel
20:59:36: *-*-* OGRE Shutdown
20:59:36: Unregistering ResourceManager for type Compositor
20:59:36: Unregistering ResourceManager for type Font
20:59:36: Unregistering ResourceManager for type Skeleton
20:59:36: Unregistering ResourceManager for type Mesh
20:59:36: Unregistering ResourceManager for type HighLevelGpuProgram
20:59:36: Uninstalling plugin: Octree Scene Manager
20:59:36: Plugin successfully uninstalled
20:59:36: Unloading library /usr/local/lib/OGRE/Plugin_OctreeSceneManager
20:59:36: Uninstalling plugin: Octree Zone Factory
20:59:36: Plugin successfully uninstalled
20:59:36: Unloading library /usr/local/lib/OGRE/Plugin_OctreeZone
20:59:36: Uninstalling plugin: Portal Connected Zone Scene Manager
20:59:36: Plugin successfully uninstalled
20:59:36: Unloading library /usr/local/lib/OGRE/Plugin_PCZSceneManager
20:59:36: Uninstalling plugin: Cg Program Manager
20:59:36: Plugin successfully uninstalled
20:59:36: Unloading library /usr/local/lib/OGRE/Plugin_CgProgramManager
20:59:36: Uninstalling plugin: BSP Scene Manager
20:59:36: Plugin successfully uninstalled
20:59:36: Unloading library /usr/local/lib/OGRE/Plugin_BSPSceneManager
20:59:36: Uninstalling plugin: ParticleFX
20:59:36: Plugin successfully uninstalled
20:59:36: Unloading library /usr/local/lib/OGRE/Plugin_ParticleFX
20:59:36: Uninstalling plugin: GL RenderSystem
20:59:36: Unregistering ResourceManager for type GpuProgram
20:59:36: ******************************
*** Stopping GLX Subsystem ***
******************************
20:59:36: Unregistering ResourceManager for type Texture
20:59:36: Plugin successfully uninstalled
20:59:36: Unloading library /usr/local/lib/OGRE/RenderSystem_GL
20:59:36: Unregistering ResourceManager for type Material
